# JRE version: OpenJDK Runtime Environment (8.0_212-b04) (build 1.8.0_212-release-1586-b04)
# Java VM: OpenJDK 64-Bit Server VM (25.212-b04 mixed mode windows-amd64 compressed oops)
Heap:
 PSYoungGen      total 188928K, used 29055K [0x00000000e0000000, 0x00000000f0280000, 0x0000000100000000)
  eden space 171520K, 16% used [0x00000000e0000000,0x00000000e1c5ffa0,0x00000000ea780000)
  from space 17408K, 0% used [0x00000000ea780000,0x00000000ea780000,0x00000000eb880000)
  to   space 17408K, 0% used [0x00000000ef180000,0x00000000ef180000,0x00000000f0280000)
 ParOldGen       total 87552K, used 32195K [0x00000000a0000000, 0x00000000a5580000, 0x00000000e0000000)
  object space 87552K, 36% used [0x00000000a0000000,0x00000000a1f70ff0,0x00000000a5580000)
 Metaspace       used 57634K, capacity 59798K, committed 59944K, reserved 1101824K
  class space    used 7978K, capacity 8480K, committed 8488K, reserved 1048576K
GC Heap History (10 events):
Event: 14.165 GC heap before
{Heap before GC invocations=12 (full 2):
 PSYoungGen      total 146944K, used 6258K [0x00000000e0000000, 0x00000000ec100000, 0x0000000100000000)
  eden space 134144K, 0% used [0x00000000e0000000,0x00000000e0000000,0x00000000e8300000)
  from space 12800K, 48% used [0x00000000e8f00000,0x00000000e951cbe8,0x00000000e9b80000)
  to   space 12288K, 0% used [0x00000000e8300000,0x00000000e8300000,0x00000000e8f00000)
 ParOldGen       total 40448K, used 17018K [0x00000000a0000000, 0x00000000a2780000, 0x00000000e0000000)
  object space 40448K, 42% used [0x00000000a0000000,0x00000000a109e840,0x00000000a2780000)
 Metaspace       used 34671K, capacity 35442K, committed 35496K, reserved 1079296K
  class space    used 4777K, capacity 5000K, committed 5032K, reserved 1048576K
Event: 14.308 GC heap after
Heap after GC invocations=12 (full 2):
 PSYoungGen      total 146944K, used 0K [0x00000000e0000000, 0x00000000ec100000, 0x0000000100000000)
  eden space 134144K, 0% used [0x00000000e0000000,0x00000000e0000000,0x00000000e8300000)
  from space 12800K, 0% used [0x00000000e8f00000,0x00000000e8f00000,0x00000000e9b80000)
  to   space 12288K, 0% used [0x00000000e8300000,0x00000000e8300000,0x00000000e8f00000)
 ParOldGen       total 57344K, used 16638K [0x00000000a0000000, 0x00000000a3800000, 0x00000000e0000000)
  object space 57344K, 29% used [0x00000000a0000000,0x00000000a103fb58,0x00000000a3800000)
 Metaspace       used 34671K, capacity 35442K, committed 35496K, reserved 1079296K
  class space    used 4777K, capacity 5000K, committed 5032K, reserved 1048576K
}
Event: 17.742 GC heap before
{Heap before GC invocations=13 (full 2):
 PSYoungGen      total 146944K, used 134144K [0x00000000e0000000, 0x00000000ec100000, 0x0000000100000000)
  eden space 134144K, 100% used [0x00000000e0000000,0x00000000e8300000,0x00000000e8300000)
  from space 12800K, 0% used [0x00000000e8f00000,0x00000000e8f00000,0x00000000e9b80000)
  to   space 12288K, 0% used [0x00000000e8300000,0x00000000e8300000,0x00000000e8f00000)
 ParOldGen       total 57344K, used 16638K [0x00000000a0000000, 0x00000000a3800000, 0x00000000e0000000)
  object space 57344K, 29% used [0x00000000a0000000,0x00000000a103fb58,0x00000000a3800000)
 Metaspace       used 46217K, capacity 47442K, committed 47784K, reserved 1091584K
  class space    used 6220K, capacity 6508K, committed 6568K, reserved 1048576K
Event: 17.762 GC heap after
Heap after GC invocations=13 (full 2):
 PSYoungGen      total 146432K, used 12271K [0x00000000e0000000, 0x00000000ec800000, 0x0000000100000000)
  eden space 134144K, 0% used [0x00000000e0000000,0x00000000e0000000,0x00000000e8300000)
  from space 12288K, 99% used [0x00000000e8300000,0x00000000e8efbff0,0x00000000e8f00000)
  to   space 15872K, 0% used [0x00000000eb880000,0x00000000eb880000,0x00000000ec800000)
 ParOldGen       total 57344K, used 21694K [0x00000000a0000000, 0x00000000a3800000, 0x00000000e0000000)
  object space 57344K, 37% used [0x00000000a0000000,0x00000000a152fb98,0x00000000a3800000)
 Metaspace       used 46217K, capacity 47442K, committed 47784K, reserved 1091584K
  class space    used 6220K, capacity 6508K, committed 6568K, reserved 1048576K
}
Event: 21.826 GC heap before
{Heap before GC invocations=14 (full 2):
 PSYoungGen      total 146432K, used 146415K [0x00000000e0000000, 0x00000000ec800000, 0x0000000100000000)
  eden space 134144K, 100% used [0x00000000e0000000,0x00000000e8300000,0x00000000e8300000)
  from space 12288K, 99% used [0x00000000e8300000,0x00000000e8efbff0,0x00000000e8f00000)
  to   space 15872K, 0% used [0x00000000eb880000,0x00000000eb880000,0x00000000ec800000)
 ParOldGen       total 57344K, used 21694K [0x00000000a0000000, 0x00000000a3800000, 0x00000000e0000000)
  object space 57344K, 37% used [0x00000000a0000000,0x00000000a152fb98,0x00000000a3800000)
 Metaspace       used 55982K, capacity 57952K, committed 58152K, reserved 1099776K
  class space    used 7739K, capacity 8171K, committed 8232K, reserved 1048576K
Event: 21.868 GC heap after
Heap after GC invocations=14 (full 2):
 PSYoungGen      total 187392K, used 14050K [0x00000000e0000000, 0x00000000ec980000, 0x0000000100000000)
  eden space 171520K, 0% used [0x00000000e0000000,0x00000000e0000000,0x00000000ea780000)
  from space 15872K, 88% used [0x00000000eb880000,0x00000000ec638928,0x00000000ec800000)
  to   space 17408K, 0% used [0x00000000ea780000,0x00000000ea780000,0x00000000eb880000)
 ParOldGen       total 57344K, used 29128K [0x00000000a0000000, 0x00000000a3800000, 0x00000000e0000000)
  object space 57344K, 50% used [0x00000000a0000000,0x00000000a1c72220,0x00000000a3800000)
 Metaspace       used 55982K, capacity 57952K, committed 58152K, reserved 1099776K
  class space    used 7739K, capacity 8171K, committed 8232K, reserved 1048576K
}
Event: 22.424 GC heap before
{Heap before GC invocations=15 (full 2):
 PSYoungGen      total 187392K, used 46042K [0x00000000e0000000, 0x00000000ec980000, 0x0000000100000000)
  eden space 171520K, 18% used [0x00000000e0000000,0x00000000e1f3e0f0,0x00000000ea780000)
  from space 15872K, 88% used [0x00000000eb880000,0x00000000ec638928,0x00000000ec800000)
  to   space 17408K, 0% used [0x00000000ea780000,0x00000000ea780000,0x00000000eb880000)
 ParOldGen       total 57344K, used 29128K [0x00000000a0000000, 0x00000000a3800000, 0x00000000e0000000)
  object space 57344K, 50% used [0x00000000a0000000,0x00000000a1c72220,0x00000000a3800000)
 Metaspace       used 57049K, capacity 59112K, committed 59160K, reserved 1099776K
  class space    used 7906K, capacity 8342K, committed 8360K, reserved 1048576K
Event: 22.449 GC heap after
Heap after GC invocations=15 (full 2):
 PSYoungGen      total 188928K, used 9756K [0x00000000e0000000, 0x00000000f0280000, 0x0000000100000000)
  eden space 171520K, 0% used [0x00000000e0000000,0x00000000e0000000,0x00000000ea780000)
  from space 17408K, 56% used [0x00000000ea780000,0x00000000eb107230,0x00000000eb880000)
  to   space 17408K, 0% used [0x00000000ef180000,0x00000000ef180000,0x00000000f0280000)
 ParOldGen       total 57344K, used 29136K [0x00000000a0000000, 0x00000000a3800000, 0x00000000e0000000)
  object space 57344K, 50% used [0x00000000a0000000,0x00000000a1c74220,0x00000000a3800000)
 Metaspace       used 57049K, capacity 59112K, committed 59160K, reserved 1099776K
  class space    used 7906K, capacity 8342K, committed 8360K, reserved 1048576K
}
Event: 22.449 GC heap before
{Heap before GC invocations=16 (full 3):
 PSYoungGen      total 188928K, used 9756K [0x00000000e0000000, 0x00000000f0280000, 0x0000000100000000)
  eden space 171520K, 0% used [0x00000000e0000000,0x00000000e0000000,0x00000000ea780000)
  from space 17408K, 56% used [0x00000000ea780000,0x00000000eb107230,0x00000000eb880000)
  to   space 17408K, 0% used [0x00000000ef180000,0x00000000ef180000,0x00000000f0280000)
 ParOldGen       total 57344K, used 29136K [0x00000000a0000000, 0x00000000a3800000, 0x00000000e0000000)
  object space 57344K, 50% used [0x00000000a0000000,0x00000000a1c74220,0x00000000a3800000)
 Metaspace       used 57049K, capacity 59112K, committed 59160K, reserved 1099776K
  class space    used 7906K, capacity 8342K, committed 8360K, reserved 1048576K
Event: 22.850 GC heap after
Heap after GC invocations=16 (full 3):
 PSYoungGen      total 188928K, used 0K [0x00000000e0000000, 0x00000000f0280000, 0x0000000100000000)
  eden space 171520K, 0% used [0x00000000e0000000,0x00000000e0000000,0x00000000ea780000)
  from space 17408K, 0% used [0x00000000ea780000,0x00000000ea780000,0x00000000eb880000)
  to   space 17408K, 0% used [0x00000000ef180000,0x00000000ef180000,0x00000000f0280000)
 ParOldGen       total 87552K, used 32195K [0x00000000a0000000, 0x00000000a5580000, 0x00000000e0000000)
  object space 87552K, 36% used [0x00000000a0000000,0x00000000a1f70ff0,0x00000000a5580000)
 Metaspace       used 57049K, capacity 59112K, committed 59160K, reserved 1099776K
  class space    used 7906K, capacity 8342K, committed 8360K, reserved 1048576K
}

