# JRE version: OpenJDK Runtime Environment (8.0_212-b04) (build 1.8.0_212-release-1586-b04)
# Java VM: OpenJDK 64-Bit Server VM (25.212-b04 mixed mode windows-amd64 compressed oops)
Heap:
 PSYoungGen      total 193024K, used 164863K [0x00000000e0000000, 0x00000000ed900000, 0x0000000100000000)
  eden space 174080K, 94% used [0x00000000e0000000,0x00000000ea0fffd0,0x00000000eaa00000)
  from space 18944K, 0% used [0x00000000ebc80000,0x00000000ebc80000,0x00000000ecf00000)
  to   space 18944K, 0% used [0x00000000eaa00000,0x00000000eaa00000,0x00000000ebc80000)
 ParOldGen       total 87552K, used 30666K [0x00000000a0000000, 0x00000000a5580000, 0x00000000e0000000)
  object space 87552K, 35% used [0x00000000a0000000,0x00000000a1df2958,0x00000000a5580000)
 Metaspace       used 65039K, capacity 67310K, committed 67584K, reserved 1107968K
  class space    used 8870K, capacity 9364K, committed 9472K, reserved 1048576K
GC Heap History (10 events):
Event: 16.695 GC heap before
{Heap before GC invocations=11 (full 2):
 PSYoungGen      total 136704K, used 9215K [0x00000000e0000000, 0x00000000ea500000, 0x0000000100000000)
  eden space 127488K, 0% used [0x00000000e0000000,0x00000000e0000000,0x00000000e7c80000)
  from space 9216K, 99% used [0x00000000e7c80000,0x00000000e857fd70,0x00000000e8580000)
  to   space 11264K, 0% used [0x00000000e9a00000,0x00000000e9a00000,0x00000000ea500000)
 ParOldGen       total 37888K, used 14151K [0x00000000a0000000, 0x00000000a2500000, 0x00000000e0000000)
  object space 37888K, 37% used [0x00000000a0000000,0x00000000a0dd1d10,0x00000000a2500000)
 Metaspace       used 34590K, capacity 35392K, committed 35496K, reserved 1079296K
  class space    used 4585K, capacity 4817K, committed 4864K, reserved 1048576K
Event: 16.830 GC heap after
Heap after GC invocations=11 (full 2):
 PSYoungGen      total 136704K, used 0K [0x00000000e0000000, 0x00000000ea500000, 0x0000000100000000)
  eden space 127488K, 0% used [0x00000000e0000000,0x00000000e0000000,0x00000000e7c80000)
  from space 9216K, 0% used [0x00000000e7c80000,0x00000000e7c80000,0x00000000e8580000)
  to   space 11264K, 0% used [0x00000000e9a00000,0x00000000e9a00000,0x00000000ea500000)
 ParOldGen       total 58880K, used 18964K [0x00000000a0000000, 0x00000000a3980000, 0x00000000e0000000)
  object space 58880K, 32% used [0x00000000a0000000,0x00000000a1285080,0x00000000a3980000)
 Metaspace       used 34544K, capacity 35288K, committed 35496K, reserved 1079296K
  class space    used 4573K, capacity 4805K, committed 4864K, reserved 1048576K
}
Event: 30.156 GC heap before
{Heap before GC invocations=12 (full 2):
 PSYoungGen      total 136704K, used 127488K [0x00000000e0000000, 0x00000000ea500000, 0x0000000100000000)
  eden space 127488K, 100% used [0x00000000e0000000,0x00000000e7c80000,0x00000000e7c80000)
  from space 9216K, 0% used [0x00000000e7c80000,0x00000000e7c80000,0x00000000e8580000)
  to   space 11264K, 0% used [0x00000000e9a00000,0x00000000e9a00000,0x00000000ea500000)
 ParOldGen       total 58880K, used 18964K [0x00000000a0000000, 0x00000000a3980000, 0x00000000e0000000)
  object space 58880K, 32% used [0x00000000a0000000,0x00000000a1285080,0x00000000a3980000)
 Metaspace       used 42481K, capacity 43804K, committed 43904K, reserved 1087488K
  class space    used 5660K, capacity 5992K, committed 6016K, reserved 1048576K
Event: 30.183 GC heap after
Heap after GC invocations=12 (full 2):
 PSYoungGen      total 155648K, used 11257K [0x00000000e0000000, 0x00000000eb100000, 0x0000000100000000)
  eden space 144384K, 0% used [0x00000000e0000000,0x00000000e0000000,0x00000000e8d00000)
  from space 11264K, 99% used [0x00000000e9a00000,0x00000000ea4fe590,0x00000000ea500000)
  to   space 13312K, 0% used [0x00000000e8d00000,0x00000000e8d00000,0x00000000e9a00000)
 ParOldGen       total 58880K, used 19357K [0x00000000a0000000, 0x00000000a3980000, 0x00000000e0000000)
  object space 58880K, 32% used [0x00000000a0000000,0x00000000a12e7558,0x00000000a3980000)
 Metaspace       used 42481K, capacity 43804K, committed 43904K, reserved 1087488K
  class space    used 5660K, capacity 5992K, committed 6016K, reserved 1048576K
}
Event: 36.004 GC heap before
{Heap before GC invocations=13 (full 2):
 PSYoungGen      total 155648K, used 155641K [0x00000000e0000000, 0x00000000eb100000, 0x0000000100000000)
  eden space 144384K, 100% used [0x00000000e0000000,0x00000000e8d00000,0x00000000e8d00000)
  from space 11264K, 99% used [0x00000000e9a00000,0x00000000ea4fe590,0x00000000ea500000)
  to   space 13312K, 0% used [0x00000000e8d00000,0x00000000e8d00000,0x00000000e9a00000)
 ParOldGen       total 58880K, used 19357K [0x00000000a0000000, 0x00000000a3980000, 0x00000000e0000000)
  object space 58880K, 32% used [0x00000000a0000000,0x00000000a12e7558,0x00000000a3980000)
 Metaspace       used 55722K, capacity 57586K, committed 57856K, reserved 1099776K
  class space    used 7430K, capacity 7862K, committed 7936K, reserved 1048576K
Event: 36.040 GC heap after
Heap after GC invocations=13 (full 2):
 PSYoungGen      total 157696K, used 13297K [0x00000000e0000000, 0x00000000ecf00000, 0x0000000100000000)
  eden space 144384K, 0% used [0x00000000e0000000,0x00000000e0000000,0x00000000e8d00000)
  from space 13312K, 99% used [0x00000000e8d00000,0x00000000e99fc418,0x00000000e9a00000)
  to   space 18944K, 0% used [0x00000000ebc80000,0x00000000ebc80000,0x00000000ecf00000)
 ParOldGen       total 58880K, used 30467K [0x00000000a0000000, 0x00000000a3980000, 0x00000000e0000000)
  object space 58880K, 51% used [0x00000000a0000000,0x00000000a1dc0cd8,0x00000000a3980000)
 Metaspace       used 55722K, capacity 57586K, committed 57856K, reserved 1099776K
  class space    used 7430K, capacity 7862K, committed 7936K, reserved 1048576K
}
Event: 36.910 GC heap before
{Heap before GC invocations=14 (full 2):
 PSYoungGen      total 157696K, used 47942K [0x00000000e0000000, 0x00000000ecf00000, 0x0000000100000000)
  eden space 144384K, 23% used [0x00000000e0000000,0x00000000e21d55d8,0x00000000e8d00000)
  from space 13312K, 99% used [0x00000000e8d00000,0x00000000e99fc418,0x00000000e9a00000)
  to   space 18944K, 0% used [0x00000000ebc80000,0x00000000ebc80000,0x00000000ecf00000)
 ParOldGen       total 58880K, used 30467K [0x00000000a0000000, 0x00000000a3980000, 0x00000000e0000000)
  object space 58880K, 51% used [0x00000000a0000000,0x00000000a1dc0cd8,0x00000000a3980000)
 Metaspace       used 57203K, capacity 59008K, committed 59136K, reserved 1099776K
  class space    used 7677K, capacity 8094K, committed 8192K, reserved 1048576K
Event: 36.934 GC heap after
Heap after GC invocations=14 (full 2):
 PSYoungGen      total 193024K, used 2375K [0x00000000e0000000, 0x00000000ed900000, 0x0000000100000000)
  eden space 174080K, 0% used [0x00000000e0000000,0x00000000e0000000,0x00000000eaa00000)
  from space 18944K, 12% used [0x00000000ebc80000,0x00000000ebed1d50,0x00000000ecf00000)
  to   space 18944K, 0% used [0x00000000eaa00000,0x00000000eaa00000,0x00000000ebc80000)
 ParOldGen       total 58880K, used 39328K [0x00000000a0000000, 0x00000000a3980000, 0x00000000e0000000)
  object space 58880K, 66% used [0x00000000a0000000,0x00000000a26682f0,0x00000000a3980000)
 Metaspace       used 57203K, capacity 59008K, committed 59136K, reserved 1099776K
  class space    used 7677K, capacity 8094K, committed 8192K, reserved 1048576K
}
Event: 36.934 GC heap before
{Heap before GC invocations=15 (full 3):
 PSYoungGen      total 193024K, used 2375K [0x00000000e0000000, 0x00000000ed900000, 0x0000000100000000)
  eden space 174080K, 0% used [0x00000000e0000000,0x00000000e0000000,0x00000000eaa00000)
  from space 18944K, 12% used [0x00000000ebc80000,0x00000000ebed1d50,0x00000000ecf00000)
  to   space 18944K, 0% used [0x00000000eaa00000,0x00000000eaa00000,0x00000000ebc80000)
 ParOldGen       total 58880K, used 39328K [0x00000000a0000000, 0x00000000a3980000, 0x00000000e0000000)
  object space 58880K, 66% used [0x00000000a0000000,0x00000000a26682f0,0x00000000a3980000)
 Metaspace       used 57203K, capacity 59008K, committed 59136K, reserved 1099776K
  class space    used 7677K, capacity 8094K, committed 8192K, reserved 1048576K
Event: 37.195 GC heap after
Heap after GC invocations=15 (full 3):
 PSYoungGen      total 193024K, used 0K [0x00000000e0000000, 0x00000000ed900000, 0x0000000100000000)
  eden space 174080K, 0% used [0x00000000e0000000,0x00000000e0000000,0x00000000eaa00000)
  from space 18944K, 0% used [0x00000000ebc80000,0x00000000ebc80000,0x00000000ecf00000)
  to   space 18944K, 0% used [0x00000000eaa00000,0x00000000eaa00000,0x00000000ebc80000)
 ParOldGen       total 87552K, used 30666K [0x00000000a0000000, 0x00000000a5580000, 0x00000000e0000000)
  object space 87552K, 35% used [0x00000000a0000000,0x00000000a1df2958,0x00000000a5580000)
 Metaspace       used 57170K, capacity 58902K, committed 59136K, reserved 1099776K
  class space    used 7668K, capacity 8082K, committed 8192K, reserved 1048576K
}

