# JRE version: OpenJDK Runtime Environment (8.0_212-b04) (build 1.8.0_212-release-1586-b04)
# Java VM: OpenJDK 64-Bit Server VM (25.212-b04 mixed mode windows-amd64 compressed oops)
Heap:
 PSYoungGen      total 248832K, used 197961K [0x00000000e0000000, 0x00000000f1200000, 0x0000000100000000)
  eden space 229376K, 86% used [0x00000000e0000000,0x00000000ec152550,0x00000000ee000000)
  from space 19456K, 0% used [0x00000000ef600000,0x00000000ef600000,0x00000000f0900000)
  to   space 22528K, 0% used [0x00000000ee000000,0x00000000ee000000,0x00000000ef600000)
 ParOldGen       total 98816K, used 33293K [0x00000000a0000000, 0x00000000a6080000, 0x00000000e0000000)
  object space 98816K, 33% used [0x00000000a0000000,0x00000000a2083668,0x00000000a6080000)
 Metaspace       used 63522K, capacity 65763K, committed 66008K, reserved 1105920K
  class space    used 8593K, capacity 9105K, committed 9176K, reserved 1048576K
GC Heap History (10 events):
Event: 12.475 GC heap before
{Heap before GC invocations=9 (full 1):
 PSYoungGen      total 140800K, used 73422K [0x00000000e0000000, 0x00000000ed380000, 0x0000000100000000)
  eden space 131072K, 48% used [0x00000000e0000000,0x00000000e3e37d30,0x00000000e8000000)
  from space 9728K, 99% used [0x00000000e8000000,0x00000000e897bb40,0x00000000e8980000)
  to   space 12800K, 0% used [0x00000000ec700000,0x00000000ec700000,0x00000000ed380000)
 ParOldGen       total 46592K, used 17621K [0x00000000a0000000, 0x00000000a2d80000, 0x00000000e0000000)
  object space 46592K, 37% used [0x00000000a0000000,0x00000000a11356e8,0x00000000a2d80000)
 Metaspace       used 34586K, capacity 35380K, committed 35456K, reserved 1079296K
  class space    used 4726K, capacity 4961K, committed 4992K, reserved 1048576K
Event: 12.538 GC heap after
Heap after GC invocations=9 (full 1):
 PSYoungGen      total 202752K, used 10075K [0x00000000e0000000, 0x00000000ee000000, 0x0000000100000000)
  eden space 189952K, 0% used [0x00000000e0000000,0x00000000e0000000,0x00000000eb980000)
  from space 12800K, 78% used [0x00000000ec700000,0x00000000ed0d6ef8,0x00000000ed380000)
  to   space 13824K, 0% used [0x00000000eb980000,0x00000000eb980000,0x00000000ec700000)
 ParOldGen       total 46592K, used 17629K [0x00000000a0000000, 0x00000000a2d80000, 0x00000000e0000000)
  object space 46592K, 37% used [0x00000000a0000000,0x00000000a11376e8,0x00000000a2d80000)
 Metaspace       used 34586K, capacity 35380K, committed 35456K, reserved 1079296K
  class space    used 4726K, capacity 4961K, committed 4992K, reserved 1048576K
}
Event: 12.538 GC heap before
{Heap before GC invocations=10 (full 2):
 PSYoungGen      total 202752K, used 10075K [0x00000000e0000000, 0x00000000ee000000, 0x0000000100000000)
  eden space 189952K, 0% used [0x00000000e0000000,0x00000000e0000000,0x00000000eb980000)
  from space 12800K, 78% used [0x00000000ec700000,0x00000000ed0d6ef8,0x00000000ed380000)
  to   space 13824K, 0% used [0x00000000eb980000,0x00000000eb980000,0x00000000ec700000)
 ParOldGen       total 46592K, used 17629K [0x00000000a0000000, 0x00000000a2d80000, 0x00000000e0000000)
  object space 46592K, 37% used [0x00000000a0000000,0x00000000a11376e8,0x00000000a2d80000)
 Metaspace       used 34586K, capacity 35380K, committed 35456K, reserved 1079296K
  class space    used 4726K, capacity 4961K, committed 4992K, reserved 1048576K
Event: 12.727 GC heap after
Heap after GC invocations=10 (full 2):
 PSYoungGen      total 202752K, used 0K [0x00000000e0000000, 0x00000000ee000000, 0x0000000100000000)
  eden space 189952K, 0% used [0x00000000e0000000,0x00000000e0000000,0x00000000eb980000)
  from space 12800K, 0% used [0x00000000ec700000,0x00000000ec700000,0x00000000ed380000)
  to   space 13824K, 0% used [0x00000000eb980000,0x00000000eb980000,0x00000000ec700000)
 ParOldGen       total 63488K, used 16910K [0x00000000a0000000, 0x00000000a3e00000, 0x00000000e0000000)
  object space 63488K, 26% used [0x00000000a0000000,0x00000000a1083b58,0x00000000a3e00000)
 Metaspace       used 34578K, capacity 35356K, committed 35456K, reserved 1079296K
  class space    used 4724K, capacity 4957K, committed 4992K, reserved 1048576K
}
Event: 19.144 GC heap before
{Heap before GC invocations=11 (full 2):
 PSYoungGen      total 202752K, used 189952K [0x00000000e0000000, 0x00000000ee000000, 0x0000000100000000)
  eden space 189952K, 100% used [0x00000000e0000000,0x00000000eb980000,0x00000000eb980000)
  from space 12800K, 0% used [0x00000000ec700000,0x00000000ec700000,0x00000000ed380000)
  to   space 13824K, 0% used [0x00000000eb980000,0x00000000eb980000,0x00000000ec700000)
 ParOldGen       total 63488K, used 16910K [0x00000000a0000000, 0x00000000a3e00000, 0x00000000e0000000)
  object space 63488K, 26% used [0x00000000a0000000,0x00000000a1083b58,0x00000000a3e00000)
 Metaspace       used 52155K, capacity 53868K, committed 53888K, reserved 1095680K
  class space    used 7130K, capacity 7547K, committed 7552K, reserved 1048576K
Event: 19.175 GC heap after
Heap after GC invocations=11 (full 2):
 PSYoungGen      total 203776K, used 13803K [0x00000000e0000000, 0x00000000f0900000, 0x0000000100000000)
  eden space 189952K, 0% used [0x00000000e0000000,0x00000000e0000000,0x00000000eb980000)
  from space 13824K, 99% used [0x00000000eb980000,0x00000000ec6fae88,0x00000000ec700000)
  to   space 19456K, 0% used [0x00000000ef600000,0x00000000ef600000,0x00000000f0900000)
 ParOldGen       total 63488K, used 26067K [0x00000000a0000000, 0x00000000a3e00000, 0x00000000e0000000)
  object space 63488K, 41% used [0x00000000a0000000,0x00000000a1974eb0,0x00000000a3e00000)
 Metaspace       used 52155K, capacity 53868K, committed 53888K, reserved 1095680K
  class space    used 7130K, capacity 7547K, committed 7552K, reserved 1048576K
}
Event: 21.249 GC heap before
{Heap before GC invocations=12 (full 2):
 PSYoungGen      total 203776K, used 92559K [0x00000000e0000000, 0x00000000f0900000, 0x0000000100000000)
  eden space 189952K, 41% used [0x00000000e0000000,0x00000000e4ce9090,0x00000000eb980000)
  from space 13824K, 99% used [0x00000000eb980000,0x00000000ec6fae88,0x00000000ec700000)
  to   space 19456K, 0% used [0x00000000ef600000,0x00000000ef600000,0x00000000f0900000)
 ParOldGen       total 63488K, used 26067K [0x00000000a0000000, 0x00000000a3e00000, 0x00000000e0000000)
  object space 63488K, 41% used [0x00000000a0000000,0x00000000a1974eb0,0x00000000a3e00000)
 Metaspace       used 57152K, capacity 59055K, committed 59096K, reserved 1099776K
  class space    used 7900K, capacity 8367K, committed 8408K, reserved 1048576K
Event: 21.290 GC heap after
Heap after GC invocations=12 (full 2):
 PSYoungGen      total 248832K, used 19444K [0x00000000e0000000, 0x00000000f1200000, 0x0000000100000000)
  eden space 229376K, 0% used [0x00000000e0000000,0x00000000e0000000,0x00000000ee000000)
  from space 19456K, 99% used [0x00000000ef600000,0x00000000f08fd290,0x00000000f0900000)
  to   space 22528K, 0% used [0x00000000ee000000,0x00000000ee000000,0x00000000ef600000)
 ParOldGen       total 63488K, used 26099K [0x00000000a0000000, 0x00000000a3e00000, 0x00000000e0000000)
  object space 63488K, 41% used [0x00000000a0000000,0x00000000a197cc08,0x00000000a3e00000)
 Metaspace       used 57152K, capacity 59055K, committed 59096K, reserved 1099776K
  class space    used 7900K, capacity 8367K, committed 8408K, reserved 1048576K
}
Event: 21.290 GC heap before
{Heap before GC invocations=13 (full 3):
 PSYoungGen      total 248832K, used 19444K [0x00000000e0000000, 0x00000000f1200000, 0x0000000100000000)
  eden space 229376K, 0% used [0x00000000e0000000,0x00000000e0000000,0x00000000ee000000)
  from space 19456K, 99% used [0x00000000ef600000,0x00000000f08fd290,0x00000000f0900000)
  to   space 22528K, 0% used [0x00000000ee000000,0x00000000ee000000,0x00000000ef600000)
 ParOldGen       total 63488K, used 26099K [0x00000000a0000000, 0x00000000a3e00000, 0x00000000e0000000)
  object space 63488K, 41% used [0x00000000a0000000,0x00000000a197cc08,0x00000000a3e00000)
 Metaspace       used 57152K, capacity 59055K, committed 59096K, reserved 1099776K
  class space    used 7900K, capacity 8367K, committed 8408K, reserved 1048576K
Event: 21.665 GC heap after
Heap after GC invocations=13 (full 3):
 PSYoungGen      total 248832K, used 0K [0x00000000e0000000, 0x00000000f1200000, 0x0000000100000000)
  eden space 229376K, 0% used [0x00000000e0000000,0x00000000e0000000,0x00000000ee000000)
  from space 19456K, 0% used [0x00000000ef600000,0x00000000ef600000,0x00000000f0900000)
  to   space 22528K, 0% used [0x00000000ee000000,0x00000000ee000000,0x00000000ef600000)
 ParOldGen       total 98816K, used 33293K [0x00000000a0000000, 0x00000000a6080000, 0x00000000e0000000)
  object space 98816K, 33% used [0x00000000a0000000,0x00000000a2083668,0x00000000a6080000)
 Metaspace       used 57110K, capacity 58955K, committed 59096K, reserved 1099776K
  class space    used 7887K, capacity 8343K, committed 8408K, reserved 1048576K
}

